d:\uab\uab.2024\lp\practica\vsce2022 - alumnes\lp-osm-2223-dll\x64\debug\lp-osm-2223-dll.pch
d:\uab\uab.2024\lp\practica\vsce2022 - alumnes\lp-osm-2223-dll\x64\debug\vc143.pdb
d:\uab\uab.2024\lp\practica\vsce2022 - alumnes\lp-osm-2223-dll\x64\debug\vc143.idb
d:\uab\uab.2024\lp\practica\vsce2022 - alumnes\lp-osm-2223-dll\x64\debug\pch.obj
d:\uab\uab.2024\lp\practica\vsce2022 - alumnes\lp-osm-2223-dll\x64\debug\xml4osmutil.obj
d:\uab\uab.2024\lp\practica\vsce2022 - alumnes\lp-osm-2223-dll\x64\debug\util.obj
d:\uab\uab.2024\lp\practica\vsce2022 - alumnes\lp-osm-2223-dll\x64\debug\puntdeinteresbase.obj
d:\uab\uab.2024\lp\practica\vsce2022 - alumnes\lp-osm-2223-dll\x64\debug\maparender.obj
d:\uab\uab.2024\lp\practica\vsce2022 - alumnes\lp-osm-2223-dll\x64\debug\dllmain.obj
d:\uab\uab.2024\lp\practica\vsce2022 - alumnes\lp-osm-2223-dll\x64\debug\dll-bridge.obj
d:\uab\uab.2024\lp\practica\vsce2022 - alumnes\x64\debug\lp-osm-2223-dll.dll
d:\uab\uab.2024\lp\practica\vsce2022 - alumnes\x64\debug\lp-osm-2223-dll.pdb
d:\uab\uab.2024\lp\practica\vsce2022 - alumnes\x64\debug\lp-osm-2223-dll.lib
d:\uab\uab.2024\lp\practica\vsce2022 - alumnes\x64\debug\lp-osm-2223-dll.exp
d:\uab\uab.2024\lp\practica\vsce2022 - alumnes\lp-osm-2223-dll\x64\debug\lp-osm-2223-dll.ilk
d:\uab\uab.2024\lp\practica\vsce2022 - alumnes\lp-osm-2223-dll\x64\debug\lp-osm-2223-dll.tlog\cl.command.1.tlog
d:\uab\uab.2024\lp\practica\vsce2022 - alumnes\lp-osm-2223-dll\x64\debug\lp-osm-2223-dll.tlog\cl.items.tlog
d:\uab\uab.2024\lp\practica\vsce2022 - alumnes\lp-osm-2223-dll\x64\debug\lp-osm-2223-dll.tlog\cl.read.1.tlog
d:\uab\uab.2024\lp\practica\vsce2022 - alumnes\lp-osm-2223-dll\x64\debug\lp-osm-2223-dll.tlog\cl.write.1.tlog
d:\uab\uab.2024\lp\practica\vsce2022 - alumnes\lp-osm-2223-dll\x64\debug\lp-osm-2223-dll.tlog\link.command.1.tlog
d:\uab\uab.2024\lp\practica\vsce2022 - alumnes\lp-osm-2223-dll\x64\debug\lp-osm-2223-dll.tlog\link.read.1.tlog
d:\uab\uab.2024\lp\practica\vsce2022 - alumnes\lp-osm-2223-dll\x64\debug\lp-osm-2223-dll.tlog\link.secondary.1.tlog
d:\uab\uab.2024\lp\practica\vsce2022 - alumnes\lp-osm-2223-dll\x64\debug\lp-osm-2223-dll.tlog\link.write.1.tlog
